2026-06-04 10:55:47,547 - INFO - === PIPELINE ANTIHISTAMINIQUES - DEBUT ===
2026-06-04 10:55:47,548 - INFO - Etape 1 - Nettoyage medicaments + ruptures
2026-06-04 10:55:51,810 - INFO - NumExpr defaulting to 8 threads.
2026-06-04 10:55:55,786 - INFO - OK - medicaments + ruptures
2026-06-04 10:55:55,787 - INFO - Etape 1 - Nettoyage OpenMedic + BDPM
2026-06-04 10:55:55,791 - ERROR - ERREUR etape 1 openmedic : cannot import name 'clean_and_load' from 'src.cleaning.clean_openmedic' (C:\Users\leobr\Documents\Pyhton codage\vscode_training\Jedha\__Analysis\Projet\antihistaminiques-pipeline\src\cleaning\clean_openmedic.py)
2026-06-04 10:59:18,529 - INFO - === PIPELINE ANTIHISTAMINIQUES - DEBUT ===
2026-06-04 10:59:18,530 - INFO - Etape 1 - Nettoyage OpenMedic + BDPM
2026-06-04 10:59:19,123 - INFO - NumExpr defaulting to 8 threads.
2026-06-04 10:59:20,505 - INFO - OK - OpenMedic + BDPM
2026-06-04 10:59:20,505 - INFO - Etape 1 - Nettoyage OpenMedic + BDPM
2026-06-04 10:59:20,506 - ERROR - ERREUR etape 1 openmedic : cannot import name 'clean_and_load' from 'src.cleaning.clean_openmedic' (C:\Users\leobr\Documents\Pyhton codage\vscode_training\Jedha\__Analysis\Projet\antihistaminiques-pipeline\src\cleaning\clean_openmedic.py)
2026-06-04 11:00:22,862 - INFO - === PIPELINE ANTIHISTAMINIQUES - DEBUT ===
2026-06-04 11:00:22,862 - INFO - Etape 1 - Nettoyage OpenMedic + BDPM
2026-06-04 11:00:23,227 - INFO - NumExpr defaulting to 8 threads.
2026-06-04 11:00:24,476 - INFO - OK - OpenMedic + BDPM
2026-06-04 11:00:24,476 - INFO - Etape 1 - Nettoyage pollen + meteo
2026-06-04 11:13:42,989 - INFO - OK - pollen + meteo
2026-06-04 11:13:42,989 - INFO - Etape 2 - Construction gold_ml.csv
2026-06-04 11:13:44,322 - INFO - OK - gold_ml.csv genere
2026-06-04 11:13:44,323 - INFO - Etape 2 - Features avancees gold_ml_advanced.csv
2026-06-04 11:13:44,347 - INFO - OK - gold_ml_advanced.csv genere
2026-06-04 11:13:44,347 - INFO - Etape 3 - Entrainement des modeles ML
2026-06-04 11:19:46,443 - INFO - OK - modeles sauvegardes dans models/
2026-06-04 11:19:46,443 - INFO - === PIPELINE TERMINE - logs dans pipeline.log ===
